<?xml version="1.0" encoding="UTF-8"?>
<!-- Generated by org.testng.reporters.JUnitReportReporter -->
<testsuite skipped="47" hostname="LAPTOP-97AVU8KE" name="com.webtest.demo.TestDemo" tests="51" failures="0" timestamp="2020-11-27T17:47:54 CST" time="75.935" errors="1">
  <testcase name="test09" time="9.231" classname="com.webtest.demo.TestDemo">
    <skipped/>
  </testcase> <!-- test09 -->
  <system-out/>
  <testcase name="test16" time="9.696" classname="com.webtest.demo.TestDemo">
    <skipped/>
  </testcase> <!-- test16 -->
  <system-out/>
  <testcase name="test22" time="9.392" classname="com.webtest.demo.TestDemo">
    <skipped/>
  </testcase> <!-- test22 -->
  <system-out/>
  <testcase name="test46" time="0.000" classname="com.webtest.demo.TestDemo">
    <skipped/>
  </testcase> <!-- test46 -->
  <system-out/>
  <testcase name="test08" time="0.000" classname="com.webtest.demo.TestDemo">
    <skipped/>
  </testcase> <!-- test08 -->
  <system-out/>
  <testcase name="test38" time="0.000" classname="com.webtest.demo.TestDemo">
    <skipped/>
  </testcase> <!-- test38 -->
  <system-out/>
  <testcase name="test12" time="0.000" classname="com.webtest.demo.TestDemo">
    <skipped/>
  </testcase> <!-- test12 -->
  <system-out/>
  <testcase name="test31" time="0.000" classname="com.webtest.demo.TestDemo">
    <skipped/>
  </testcase> <!-- test31 -->
  <system-out/>
  <testcase name="test23" time="0.000" classname="com.webtest.demo.TestDemo">
    <skipped/>
  </testcase> <!-- test23 -->
  <system-out/>
  <testcase name="test19" time="0.000" classname="com.webtest.demo.TestDemo">
    <skipped/>
  </testcase> <!-- test19 -->
  <system-out/>
  <testcase name="test50" time="0.000" classname="com.webtest.demo.TestDemo">
    <skipped/>
  </testcase> <!-- test50 -->
  <system-out/>
  <testcase name="test18" time="0.000" classname="com.webtest.demo.TestDemo">
    <skipped/>
  </testcase> <!-- test18 -->
  <system-out/>
  <testcase name="test04" time="0.000" classname="com.webtest.demo.TestDemo">
    <skipped/>
  </testcase> <!-- test04 -->
  <system-out/>
  <testcase name="test02" time="20.211" classname="com.webtest.demo.TestDemo"/>
  <system-out/>
  <testcase name="test20" time="0.000" classname="com.webtest.demo.TestDemo">
    <skipped/>
  </testcase> <!-- test20 -->
  <system-out/>
  <testcase name="test11" time="0.000" classname="com.webtest.demo.TestDemo">
    <skipped/>
  </testcase> <!-- test11 -->
  <system-out/>
  <testcase name="test06" time="0.000" classname="com.webtest.demo.TestDemo">
    <skipped/>
  </testcase> <!-- test06 -->
  <system-out/>
  <testcase name="test27" time="0.000" classname="com.webtest.demo.TestDemo">
    <skipped/>
  </testcase> <!-- test27 -->
  <system-out/>
  <testcase name="test33" time="0.000" classname="com.webtest.demo.TestDemo">
    <skipped/>
  </testcase> <!-- test33 -->
  <system-out/>
  <testcase name="test45" time="0.000" classname="com.webtest.demo.TestDemo">
    <skipped/>
  </testcase> <!-- test45 -->
  <system-out/>
  <testcase name="test35" time="0.000" classname="com.webtest.demo.TestDemo">
    <skipped/>
  </testcase> <!-- test35 -->
  <system-out/>
  <testcase name="test17" time="0.000" classname="com.webtest.demo.TestDemo">
    <skipped/>
  </testcase> <!-- test17 -->
  <system-out/>
  <testcase name="test30" time="0.000" classname="com.webtest.demo.TestDemo">
    <skipped/>
  </testcase> <!-- test30 -->
  <system-out/>
  <testcase name="test07" time="0.000" classname="com.webtest.demo.TestDemo">
    <skipped/>
  </testcase> <!-- test07 -->
  <system-out/>
  <testcase name="test10" time="0.000" classname="com.webtest.demo.TestDemo">
    <skipped/>
  </testcase> <!-- test10 -->
  <system-out/>
  <testcase name="testLoginSuccess" time="1.032" classname="com.webtest.demo.TestDemo">
    <error type="org.openqa.selenium.NoSuchSessionException" message="Tried to run command without establishing a connection
Build info: version: &#039;3.141.59&#039;, revision: &#039;e82be7d358&#039;, time: &#039;2018-11-14T08:25:53&#039;
System info: host: &#039;LAPTOP-97AVU8KE&#039;, ip: &#039;192.168.56.1&#039;, os.name: &#039;Windows 10&#039;, os.arch: &#039;amd64&#039;, os.version: &#039;10.0&#039;, java.version: &#039;1.8.0_241&#039;
Driver info: org.openqa.selenium.firefox.FirefoxDriver
Capabilities {acceptInsecureCerts: true, browserName: firefox, browserVersion: 83.0, javascriptEnabled: true, moz:accessibilityChecks: false, moz:buildID: 20201112153044, moz:geckodriverVersion: 0.24.0, moz:headless: false, moz:processID: 29956, moz:profile: C:\Users\lenovo\AppData\Loc..., moz:shutdownTimeout: 60000, moz:useNonSpecCompliantPointerOrigin: false, moz:webdriverClick: true, pageLoadStrategy: normal, platform: WINDOWS, platformName: WINDOWS, platformVersion: 10.0, rotatable: false, setWindowRect: true, strictFileInteractability: false, timeouts: {implicit: 0, pageLoad: 300000, script: 30000}, unhandledPromptBehavior: dismiss and notify}
Session ID: fd725146-7af0-46f8-b54f-f1942e1cd302">
      <![CDATA[org.openqa.selenium.NoSuchSessionException: Tried to run command without establishing a connection
Build info: version: '3.141.59', revision: 'e82be7d358', time: '2018-11-14T08:25:53'
System info: host: 'LAPTOP-97AVU8KE', ip: '192.168.56.1', os.name: 'Windows 10', os.arch: 'amd64', os.version: '10.0', java.version: '1.8.0_241'
Driver info: org.openqa.selenium.firefox.FirefoxDriver
Capabilities {acceptInsecureCerts: true, browserName: firefox, browserVersion: 83.0, javascriptEnabled: true, moz:accessibilityChecks: false, moz:buildID: 20201112153044, moz:geckodriverVersion: 0.24.0, moz:headless: false, moz:processID: 29956, moz:profile: C:\Users\lenovo\AppData\Loc..., moz:shutdownTimeout: 60000, moz:useNonSpecCompliantPointerOrigin: false, moz:webdriverClick: true, pageLoadStrategy: normal, platform: WINDOWS, platformName: WINDOWS, platformVersion: 10.0, rotatable: false, setWindowRect: true, strictFileInteractability: false, timeouts: {implicit: 0, pageLoad: 300000, script: 30000}, unhandledPromptBehavior: dismiss and notify}
Session ID: fd725146-7af0-46f8-b54f-f1942e1cd302
at sun.reflect.NativeConstructorAccessorImpl.newInstance0(Native Method)
at sun.reflect.NativeConstructorAccessorImpl.newInstance(Unknown Source)
at sun.reflect.DelegatingConstructorAccessorImpl.newInstance(Unknown Source)
at java.lang.reflect.Constructor.newInstance(Unknown Source)
at org.openqa.selenium.remote.http.W3CHttpResponseCodec.createException(W3CHttpResponseCodec.java:187)
at org.openqa.selenium.remote.http.W3CHttpResponseCodec.decode(W3CHttpResponseCodec.java:122)
at org.openqa.selenium.remote.http.W3CHttpResponseCodec.decode(W3CHttpResponseCodec.java:49)
at org.openqa.selenium.remote.HttpCommandExecutor.execute(HttpCommandExecutor.java:158)
at org.openqa.selenium.remote.service.DriverCommandExecutor.execute(DriverCommandExecutor.java:83)
at org.openqa.selenium.remote.RemoteWebDriver.execute(RemoteWebDriver.java:552)
at org.openqa.selenium.remote.RemoteWebDriver.execute(RemoteWebDriver.java:609)
at org.openqa.selenium.remote.RemoteWebDriver.getPageSource(RemoteWebDriver.java:438)
at com.webtest.core.WebDriverEngine.isTextPresent(WebDriverEngine.java:115)
at com.webtest.demo.TestDemo.testLoginSuccess(TestDemo.java:20)
at sun.reflect.NativeMethodAccessorImpl.invoke0(Native Method)
at sun.reflect.NativeMethodAccessorImpl.invoke(Unknown Source)
at sun.reflect.DelegatingMethodAccessorImpl.invoke(Unknown Source)
at java.lang.reflect.Method.invoke(Unknown Source)
at org.testng.internal.MethodInvocationHelper.invokeMethod(MethodInvocationHelper.java:132)
at org.testng.internal.MethodInvocationHelper.invokeMethodConsideringTimeout(MethodInvocationHelper.java:61)
at org.testng.internal.ConfigInvoker.invokeConfigurationMethod(ConfigInvoker.java:366)
at org.testng.internal.ConfigInvoker.invokeConfigurations(ConfigInvoker.java:320)
at org.testng.internal.TestInvoker.runConfigMethods(TestInvoker.java:701)
at org.testng.internal.TestInvoker.invokeMethod(TestInvoker.java:527)
at org.testng.internal.TestInvoker.invokeTestMethod(TestInvoker.java:174)
at org.testng.internal.MethodRunner.runInSequence(MethodRunner.java:46)
at org.testng.internal.TestInvoker$MethodInvocationAgent.invoke(TestInvoker.java:822)
at org.testng.internal.TestInvoker.invokeTestMethods(TestInvoker.java:147)
at org.testng.internal.TestMethodWorker.invokeTestMethods(TestMethodWorker.java:146)
at org.testng.internal.TestMethodWorker.run(TestMethodWorker.java:128)
at java.util.ArrayList.forEach(Unknown Source)
at org.testng.TestRunner.privateRun(TestRunner.java:764)
at org.testng.TestRunner.run(TestRunner.java:585)
at org.testng.SuiteRunner.runTest(SuiteRunner.java:384)
at org.testng.SuiteRunner.runSequentially(SuiteRunner.java:378)
at org.testng.SuiteRunner.privateRun(SuiteRunner.java:337)
at org.testng.SuiteRunner.run(SuiteRunner.java:286)
at org.testng.SuiteRunnerWorker.runSuite(SuiteRunnerWorker.java:53)
at org.testng.SuiteRunnerWorker.run(SuiteRunnerWorker.java:96)
at org.testng.TestNG.runSuitesSequentially(TestNG.java:1218)
at org.testng.TestNG.runSuitesLocally(TestNG.java:1140)
at org.testng.TestNG.runSuites(TestNG.java:1069)
at org.testng.TestNG.run(TestNG.java:1037)
at org.testng.remote.AbstractRemoteTestNG.run(AbstractRemoteTestNG.java:115)
at org.testng.remote.RemoteTestNG.initAndRun(RemoteTestNG.java:251)
at org.testng.remote.RemoteTestNG.main(RemoteTestNG.java:77)
]]>
    </error>
  </testcase> <!-- testLoginSuccess -->
  <system-out/>
  <testcase name="test32" time="0.000" classname="com.webtest.demo.TestDemo">
    <skipped/>
  </testcase> <!-- test32 -->
  <system-out/>
  <testcase name="test34" time="0.000" classname="com.webtest.demo.TestDemo">
    <skipped/>
  </testcase> <!-- test34 -->
  <system-out/>
  <testcase name="test42" time="0.000" classname="com.webtest.demo.TestDemo">
    <skipped/>
  </testcase> <!-- test42 -->
  <system-out/>
  <testcase name="test41" time="0.000" classname="com.webtest.demo.TestDemo">
    <skipped/>
  </testcase> <!-- test41 -->
  <system-out/>
  <testcase name="test01" time="11.506" classname="com.webtest.demo.TestDemo"/>
  <system-out/>
  <testcase name="test40" time="0.000" classname="com.webtest.demo.TestDemo">
    <skipped/>
  </testcase> <!-- test40 -->
  <system-out/>
  <testcase name="test13" time="0.000" classname="com.webtest.demo.TestDemo">
    <skipped/>
  </testcase> <!-- test13 -->
  <system-out/>
  <testcase name="test29" time="0.000" classname="com.webtest.demo.TestDemo">
    <skipped/>
  </testcase> <!-- test29 -->
  <system-out/>
  <testcase name="test21" time="0.000" classname="com.webtest.demo.TestDemo">
    <skipped/>
  </testcase> <!-- test21 -->
  <system-out/>
  <testcase name="test24" time="0.000" classname="com.webtest.demo.TestDemo">
    <skipped/>
  </testcase> <!-- test24 -->
  <system-out/>
  <testcase name="test26" time="0.000" classname="com.webtest.demo.TestDemo">
    <skipped/>
  </testcase> <!-- test26 -->
  <system-out/>
  <testcase name="test36" time="0.000" classname="com.webtest.demo.TestDemo">
    <skipped/>
  </testcase> <!-- test36 -->
  <system-out/>
  <testcase name="test48" time="0.000" classname="com.webtest.demo.TestDemo">
    <skipped/>
  </testcase> <!-- test48 -->
  <system-out/>
  <testcase name="test43" time="0.000" classname="com.webtest.demo.TestDemo">
    <skipped/>
  </testcase> <!-- test43 -->
  <system-out/>
  <testcase name="test03" time="14.867" classname="com.webtest.demo.TestDemo"/>
  <system-out/>
  <testcase name="test37" time="0.000" classname="com.webtest.demo.TestDemo">
    <skipped/>
  </testcase> <!-- test37 -->
  <system-out/>
  <testcase name="test49" time="0.000" classname="com.webtest.demo.TestDemo">
    <skipped/>
  </testcase> <!-- test49 -->
  <system-out/>
  <testcase name="test15" time="0.000" classname="com.webtest.demo.TestDemo">
    <skipped/>
  </testcase> <!-- test15 -->
  <system-out/>
  <testcase name="test05" time="0.000" classname="com.webtest.demo.TestDemo">
    <skipped/>
  </testcase> <!-- test05 -->
  <system-out/>
  <testcase name="test28" time="0.000" classname="com.webtest.demo.TestDemo">
    <skipped/>
  </testcase> <!-- test28 -->
  <system-out/>
  <testcase name="test14" time="0.000" classname="com.webtest.demo.TestDemo">
    <skipped/>
  </testcase> <!-- test14 -->
  <system-out/>
  <testcase name="test39" time="0.000" classname="com.webtest.demo.TestDemo">
    <skipped/>
  </testcase> <!-- test39 -->
  <system-out/>
  <testcase name="test25" time="0.000" classname="com.webtest.demo.TestDemo">
    <skipped/>
  </testcase> <!-- test25 -->
  <system-out/>
  <testcase name="test44" time="0.000" classname="com.webtest.demo.TestDemo">
    <skipped/>
  </testcase> <!-- test44 -->
  <system-out/>
  <testcase name="test47" time="0.000" classname="com.webtest.demo.TestDemo">
    <skipped/>
  </testcase> <!-- test47 -->
  <system-out/>
</testsuite> <!-- com.webtest.demo.TestDemo -->
